This is pdfTeX, Version 3.14159265-2.6-1.40.16 (TeX Live 2015/Debian) (preloaded format=pdflatex 2019.11.21)  2 MAR 2020 20:06
entering extended mode
 \write18 enabled.
 file:line:error style messages enabled.
 %&-line parsing enabled.
**/home/aaron/Documents/Hub/Learning/RL/theoretical/Equations/equations.tex
(/home/aaron/Documents/Hub/Learning/RL/theoretical/Equations/equations.tex
LaTeX2e <2016/02/01>
Babel <3.9q> and hyphenation patterns for 81 language(s) loaded.
(/usr/share/texlive/texmf-dist/tex/latex/base/article.cls
Document Class: article 2014/09/29 v1.4h Standard LaTeX document class
(/usr/share/texlive/texmf-dist/tex/latex/base/size10.clo
File: size10.clo 2014/09/29 v1.4h Standard LaTeX file (size option)
)
\c@part=\count79
\c@section=\count80
\c@subsection=\count81
\c@subsubsection=\count82
\c@paragraph=\count83
\c@subparagraph=\count84
\c@figure=\count85
\c@table=\count86
\abovecaptionskip=\skip41
\belowcaptionskip=\skip42
\bibindent=\dimen102
) (/usr/share/texlive/texmf-dist/tex/latex/geometry/geometry.sty
Package: geometry 2010/09/12 v5.6 Page Geometry
 (/usr/share/texlive/texmf-dist/tex/latex/graphics/keyval.sty
Package: keyval 2014/10/28 v1.15 key=value parser (DPC)
\KV@toks@=\toks14
) (/usr/share/texlive/texmf-dist/tex/generic/oberdiek/ifpdf.sty
Package: ifpdf 2011/01/30 v2.3 Provides the ifpdf switch (HO)
Package ifpdf Info: pdfTeX in PDF mode is detected.
) (/usr/share/texlive/texmf-dist/tex/generic/oberdiek/ifvtex.sty
Package: ifvtex 2010/03/01 v1.5 Detect VTeX and its facilities (HO)
Package ifvtex Info: VTeX not detected.
) (/usr/share/texlive/texmf-dist/tex/generic/ifxetex/ifxetex.sty
Package: ifxetex 2010/09/12 v0.6 Provides ifxetex conditional
)
\Gm@cnth=\count87
\Gm@cntv=\count88
\c@Gm@tempcnt=\count89
\Gm@bindingoffset=\dimen103
\Gm@wd@mp=\dimen104
\Gm@odd@mp=\dimen105
\Gm@even@mp=\dimen106
\Gm@layoutwidth=\dimen107
\Gm@layoutheight=\dimen108
\Gm@layouthoffset=\dimen109
\Gm@layoutvoffset=\dimen110
\Gm@dimlist=\toks15
) (/usr/share/texlive/texmf-dist/tex/latex/amsfonts/amsfonts.sty
Package: amsfonts 2013/01/14 v3.01 Basic AMSFonts support
\@emptytoks=\toks16
\symAMSa=\mathgroup4
\symAMSb=\mathgroup5
LaTeX Font Info:    Overwriting math alphabet `\mathfrak' in version `bold'
(Font)                  U/euf/m/n --> U/euf/b/n on input line 106.
) (/usr/share/texlive/texmf-dist/tex/latex/amsmath/amsmath.sty
Package: amsmath 2016/03/03 v2.15a AMS math features
\@mathmargin=\skip43

For additional information on amsmath, use the `?' option.
(/usr/share/texlive/texmf-dist/tex/latex/amsmath/amstext.sty
Package: amstext 2000/06/29 v2.01 AMS text
 (/usr/share/texlive/texmf-dist/tex/latex/amsmath/amsgen.sty
File: amsgen.sty 1999/11/30 v2.0 generic functions
\@emptytoks=\toks17
\ex@=\dimen111
)) (/usr/share/texlive/texmf-dist/tex/latex/amsmath/amsbsy.sty
Package: amsbsy 1999/11/29 v1.2d Bold Symbols
\pmbraise@=\dimen112
) (/usr/share/texlive/texmf-dist/tex/latex/amsmath/amsopn.sty
Package: amsopn 1999/12/14 v2.01 operator names
)
\inf@bad=\count90
LaTeX Info: Redefining \frac on input line 199.
\uproot@=\count91
\leftroot@=\count92
LaTeX Info: Redefining \overline on input line 297.
\classnum@=\count93
\DOTSCASE@=\count94
LaTeX Info: Redefining \ldots on input line 394.
LaTeX Info: Redefining \dots on input line 397.
LaTeX Info: Redefining \cdots on input line 518.
\Mathstrutbox@=\box26
\strutbox@=\box27
\big@size=\dimen113
LaTeX Font Info:    Redeclaring font encoding OML on input line 630.
LaTeX Font Info:    Redeclaring font encoding OMS on input line 631.
\macc@depth=\count95
\c@MaxMatrixCols=\count96
\dotsspace@=\muskip10
\c@parentequation=\count97
\dspbrk@lvl=\count98
\tag@help=\toks18
\row@=\count99
\column@=\count100
\maxfields@=\count101
\andhelp@=\toks19
\eqnshift@=\dimen114
\alignsep@=\dimen115
\tagshift@=\dimen116
\tagwidth@=\dimen117
\totwidth@=\dimen118
\lineht@=\dimen119
\@envbody=\toks20
\multlinegap=\skip44
\multlinetaggap=\skip45
\mathdisplay@stack=\toks21
LaTeX Info: Redefining \[ on input line 2735.
LaTeX Info: Redefining \] on input line 2736.
) (/usr/share/texlive/texmf-dist/tex/latex/graphics/graphicx.sty
Package: graphicx 2014/10/28 v1.0g Enhanced LaTeX Graphics (DPC,SPQR)
 (/usr/share/texlive/texmf-dist/tex/latex/graphics/graphics.sty
Package: graphics 2016/01/03 v1.0q Standard LaTeX Graphics (DPC,SPQR)
 (/usr/share/texlive/texmf-dist/tex/latex/graphics/trig.sty
Package: trig 2016/01/03 v1.10 sin cos tan (DPC)
) (/usr/share/texlive/texmf-dist/tex/latex/latexconfig/graphics.cfg
File: graphics.cfg 2010/04/23 v1.9 graphics configuration of TeX Live
)
Package graphics Info: Driver file: pdftex.def on input line 95.
 (/usr/share/texlive/texmf-dist/tex/latex/pdftex-def/pdftex.def
File: pdftex.def 2011/05/27 v0.06d Graphics/color for pdfTeX
 (/usr/share/texlive/texmf-dist/tex/generic/oberdiek/infwarerr.sty
Package: infwarerr 2010/04/08 v1.3 Providing info/warning/error messages (HO)
) (/usr/share/texlive/texmf-dist/tex/generic/oberdiek/ltxcmds.sty
Package: ltxcmds 2011/11/09 v1.22 LaTeX kernel commands for general use (HO)
)
\Gread@gobject=\count102
))
\Gin@req@height=\dimen120
\Gin@req@width=\dimen121
) (/home/aaron/Documents/Hub/Learning/RL/theoretical/Equations/equations.aux)
\openout1 = `equations.aux'.

LaTeX Font Info:    Checking defaults for OML/cmm/m/it on input line 13.
LaTeX Font Info:    ... okay on input line 13.
LaTeX Font Info:    Checking defaults for T1/cmr/m/n on input line 13.
LaTeX Font Info:    ... okay on input line 13.
LaTeX Font Info:    Checking defaults for OT1/cmr/m/n on input line 13.
LaTeX Font Info:    ... okay on input line 13.
LaTeX Font Info:    Checking defaults for OMS/cmsy/m/n on input line 13.
LaTeX Font Info:    ... okay on input line 13.
LaTeX Font Info:    Checking defaults for OMX/cmex/m/n on input line 13.
LaTeX Font Info:    ... okay on input line 13.
LaTeX Font Info:    Checking defaults for U/cmr/m/n on input line 13.
LaTeX Font Info:    ... okay on input line 13.

*geometry* driver: auto-detecting
*geometry* detected driver: pdftex
*geometry* verbose mode - [ preamble ] result:
* driver: pdftex
* paper: <default>
* layout: <same size as paper>
* layoutoffset:(h,v)=(0.0pt,0.0pt)
* modes: 
* h-part:(L,W,R)=(36.135pt, 542.02501pt, 36.135pt)
* v-part:(T,H,B)=(36.135pt, 722.7pt, 36.135pt)
* \paperwidth=614.295pt
* \paperheight=794.96999pt
* \textwidth=542.02501pt
* \textheight=722.7pt
* \oddsidemargin=-36.135pt
* \evensidemargin=-36.135pt
* \topmargin=-73.135pt
* \headheight=12.0pt
* \headsep=25.0pt
* \topskip=10.0pt
* \footskip=30.0pt
* \marginparwidth=65.0pt
* \marginparsep=11.0pt
* \columnsep=10.0pt
* \skip\footins=9.0pt plus 4.0pt minus 2.0pt
* \hoffset=0.0pt
* \voffset=0.0pt
* \mag=1000
* \@twocolumnfalse
* \@twosidefalse
* \@mparswitchfalse
* \@reversemarginfalse
* (1in=72.27pt=25.4mm, 1cm=28.453pt)

(/usr/share/texlive/texmf-dist/tex/context/base/supp-pdf.mkii
[Loading MPS to PDF converter (version 2006.09.02).]
\scratchcounter=\count103
\scratchdimen=\dimen122
\scratchbox=\box28
\nofMPsegments=\count104
\nofMParguments=\count105
\everyMPshowfont=\toks22
\MPscratchCnt=\count106
\MPscratchDim=\dimen123
\MPnumerator=\count107
\makeMPintoPDFobject=\count108
\everyMPtoPDFconversion=\toks23
) (/usr/share/texlive/texmf-dist/tex/generic/oberdiek/pdftexcmds.sty
Package: pdftexcmds 2011/11/29 v0.20 Utility functions of pdfTeX for LuaTeX (HO)
 (/usr/share/texlive/texmf-dist/tex/generic/oberdiek/ifluatex.sty
Package: ifluatex 2010/03/01 v1.3 Provides the ifluatex switch (HO)
Package ifluatex Info: LuaTeX not detected.
)
Package pdftexcmds Info: LuaTeX not detected.
Package pdftexcmds Info: \pdf@primitive is available.
Package pdftexcmds Info: \pdf@ifprimitive is available.
Package pdftexcmds Info: \pdfdraftmode found.
) (/usr/share/texlive/texmf-dist/tex/latex/oberdiek/epstopdf-base.sty
Package: epstopdf-base 2010/02/09 v2.5 Base part for package epstopdf
 (/usr/share/texlive/texmf-dist/tex/latex/oberdiek/grfext.sty
Package: grfext 2010/08/19 v1.1 Manage graphics extensions (HO)
 (/usr/share/texlive/texmf-dist/tex/generic/oberdiek/kvdefinekeys.sty
Package: kvdefinekeys 2011/04/07 v1.3 Define keys (HO)
)) (/usr/share/texlive/texmf-dist/tex/latex/oberdiek/kvoptions.sty
Package: kvoptions 2011/06/30 v3.11 Key value format for package options (HO)
 (/usr/share/texlive/texmf-dist/tex/generic/oberdiek/kvsetkeys.sty
Package: kvsetkeys 2012/04/25 v1.16 Key value parser (HO)
 (/usr/share/texlive/texmf-dist/tex/generic/oberdiek/etexcmds.sty
Package: etexcmds 2011/02/16 v1.5 Avoid name clashes with e-TeX commands (HO)
Package etexcmds Info: Could not find \expanded.
(etexcmds)             That can mean that you are not using pdfTeX 1.50 or
(etexcmds)             that some package has redefined \expanded.
(etexcmds)             In the latter case, load this package earlier.
)))
Package grfext Info: Graphics extension search list:
(grfext)             [.png,.pdf,.jpg,.mps,.jpeg,.jbig2,.jb2,.PNG,.PDF,.JPG,.JPEG,.JBIG2,.JB2,.eps]
(grfext)             \AppendGraphicsExtensions on input line 452.
 (/usr/share/texlive/texmf-dist/tex/latex/latexconfig/epstopdf-sys.cfg
File: epstopdf-sys.cfg 2010/07/13 v1.3 Configuration of (r)epstopdf for TeX Live
))
LaTeX Font Info:    Try loading font information for U+msa on input line 14.
 (/usr/share/texlive/texmf-dist/tex/latex/amsfonts/umsa.fd
File: umsa.fd 2013/01/14 v3.01 AMS symbols A
)
LaTeX Font Info:    Try loading font information for U+msb on input line 14.
 (/usr/share/texlive/texmf-dist/tex/latex/amsfonts/umsb.fd
File: umsb.fd 2013/01/14 v3.01 AMS symbols B
) [1

{/var/lib/texmf/fonts/map/pdftex/updmap/pdftex.map}] <./pictures/value_functions.png, id=20, 407.5225pt x 184.69pt>
File: ./pictures/value_functions.png Graphic file (type png)
 <use ./pictures/value_functions.png>
Package pdftex.def Info: ./pictures/value_functions.png used on input line 138.
(pdftex.def)             Requested size: 203.76074pt x 92.34476pt.
 [2 <./pictures/value_functions.png>]
Underfull \hbox (badness 10000) in paragraph at lines 192--194

 []

<./pictures/bellman_optimality.png, id=24, 526.96875pt x 162.6075pt>
File: ./pictures/bellman_optimality.png Graphic file (type png)
 <use ./pictures/bellman_optimality.png>
Package pdftex.def Info: ./pictures/bellman_optimality.png used on input line 215.
(pdftex.def)             Requested size: 263.48372pt x 81.30354pt.

Underfull \hbox (badness 10000) in paragraph at lines 235--246

 []

[3 <./pictures/bellman_optimality.png>]
Underfull \hbox (badness 10000) in paragraph at lines 261--266

 []


Underfull \hbox (badness 10000) in paragraph at lines 267--270

 []


Underfull \hbox (badness 10000) in paragraph at lines 271--286

 []

<./pictures/policy_iteration.png, id=28, 878.28125pt x 600.2425pt>
File: ./pictures/policy_iteration.png Graphic file (type png)
 <use ./pictures/policy_iteration.png>
Package pdftex.def Info: ./pictures/policy_iteration.png used on input line 293.
(pdftex.def)             Requested size: 351.30627pt x 240.09274pt.
 [4 <./pictures/policy_iteration.png>]
Underfull \hbox (badness 10000) in paragraph at lines 299--316

 []

<./pictures/value_iteration.png, id=32, 875.27pt x 406.51875pt>
File: ./pictures/value_iteration.png Graphic file (type png)
 <use ./pictures/value_iteration.png>
Package pdftex.def Info: ./pictures/value_iteration.png used on input line 348.
(pdftex.def)             Requested size: 306.34909pt x 142.28369pt.

Underfull \hbox (badness 10000) in paragraph at lines 353--357

 []

[5 <./pictures/value_iteration.png>]
Underfull \hbox (badness 10000) in paragraph at lines 361--366

 []


Underfull \hbox (badness 10000) in paragraph at lines 367--372

 []


Underfull \hbox (badness 10000) in paragraph at lines 373--378

 []

<./pictures/firstvisit_mc.png, id=36, 1311.90125pt x 581.17125pt>
File: ./pictures/firstvisit_mc.png Graphic file (type png)
 <use ./pictures/firstvisit_mc.png>
Package pdftex.def Info: ./pictures/firstvisit_mc.png used on input line 383.
(pdftex.def)             Requested size: 327.9745pt x 145.29245pt.

Underfull \hbox (badness 10000) in paragraph at lines 388--397

 []

<./pictures/exploringstart_mc.png, id=37, 1315.91624pt x 709.65125pt>
File: ./pictures/exploringstart_mc.png Graphic file (type png)
 <use ./pictures/exploringstart_mc.png>
Package pdftex.def Info: ./pictures/exploringstart_mc.png used on input line 399.
(pdftex.def)             Requested size: 328.97826pt x 177.41237pt.
 [6 <./pictures/firstvisit_mc.png> <./pictures/exploringstart_mc.png>]
Underfull \hbox (badness 10000) in paragraph at lines 408--416

 []

<./pictures/onpolicy_firstvisit_mc.png, id=41, 876.27374pt x 557.08125pt>
File: ./pictures/onpolicy_firstvisit_mc.png Graphic file (type png)
 <use ./pictures/onpolicy_firstvisit_mc.png>
Package pdftex.def Info: ./pictures/onpolicy_firstvisit_mc.png used on input line 418.
(pdftex.def)             Requested size: 350.50328pt x 222.82855pt.

Underfull \hbox (badness 10000) in paragraph at lines 439--445

 []

[7 <./pictures/onpolicy_firstvisit_mc.png>]
Underfull \hbox (badness 10000) in paragraph at lines 524--530

 []


Underfull \hbox (badness 10000) in paragraph at lines 540--544

 []

[8] <./pictures/offpolicy_mc_prediction.png, id=50, 1314.9125pt x 723.70375pt>
File: ./pictures/offpolicy_mc_prediction.png Graphic file (type png)
 <use ./pictures/offpolicy_mc_prediction.png>
Package pdftex.def Info: ./pictures/offpolicy_mc_prediction.png used on input line 576.
(pdftex.def)             Requested size: 328.72733pt x 180.92549pt.

Underfull \hbox (badness 10000) in paragraph at lines 584--589

 []

<./pictures/offpolicy_mc_control.png, id=51, 1313.90875pt x 798.985pt>
File: ./pictures/offpolicy_mc_control.png Graphic file (type png)
 <use ./pictures/offpolicy_mc_control.png>
Package pdftex.def Info: ./pictures/offpolicy_mc_control.png used on input line 591.
(pdftex.def)             Requested size: 328.47638pt x 199.74576pt.
 [9 <./pictures/offpolicy_mc_prediction.png> <./pictures/offpolicy_mc_control.png>]
Underfull \hbox (badness 10000) in paragraph at lines 600--602

 []


Underfull \hbox (badness 10000) in paragraph at lines 603--610

 []


Underfull \hbox (badness 10000) in paragraph at lines 611--618

 []


Underfull \hbox (badness 10000) in paragraph at lines 619--621

 []

<./pictures/onestep_td.png, id=55, 878.28125pt x 387.4475pt>
File: ./pictures/onestep_td.png Graphic file (type png)
 <use ./pictures/onestep_td.png>
Package pdftex.def Info: ./pictures/onestep_td.png used on input line 647.
(pdftex.def)             Requested size: 351.30627pt x 154.97624pt.

Underfull \hbox (badness 10000) in paragraph at lines 652--657

 []

<./pictures/sarsa_diagram.png, id=56, 636.3775pt x 56.21pt>
File: ./pictures/sarsa_diagram.png Graphic file (type png)
 <use ./pictures/sarsa_diagram.png>
Package pdftex.def Info: ./pictures/sarsa_diagram.png used on input line 659.
(pdftex.def)             Requested size: 318.18797pt x 28.10492pt.
 [10 <./pictures/onestep_td.png> <./pictures/sarsa_diagram.png>] <./pictures/onpolicy_sarsa.png, id=60, 879.285pt x 386.44376pt>
File: ./pictures/onpolicy_sarsa.png Graphic file (type png)
 <use ./pictures/onpolicy_sarsa.png>
Package pdftex.def Info: ./pictures/onpolicy_sarsa.png used on input line 681.
(pdftex.def)             Requested size: 351.70778pt x 154.57475pt.
 <./pictures/offpolicy_qlearning.png, id=61, 875.27pt x 358.33875pt>
File: ./pictures/offpolicy_qlearning.png Graphic file (type png)
 <use ./pictures/offpolicy_qlearning.png>
Package pdftex.def Info: ./pictures/offpolicy_qlearning.png used on input line 703.
(pdftex.def)             Requested size: 350.10179pt x 143.33296pt.
 [11 <./pictures/onpolicy_sarsa.png> <./pictures/offpolicy_qlearning.png>]
Underfull \hbox (badness 10000) in paragraph at lines 711--717

 []

<./pictures/nstep.png, id=65, 568.1225pt x 494.84875pt>
File: ./pictures/nstep.png Graphic file (type png)
 <use ./pictures/nstep.png>
Package pdftex.def Info: ./pictures/nstep.png used on input line 719.
(pdftex.def)             Requested size: 170.43805pt x 148.45576pt.
 <./pictures/nstep_td.png, id=66, 875.27pt x 582.175pt>
File: ./pictures/nstep_td.png Graphic file (type png)
 <use ./pictures/nstep_td.png>
Package pdftex.def Info: ./pictures/nstep_td.png used on input line 753.
(pdftex.def)             Requested size: 350.10179pt x 232.86588pt.
 [12 <./pictures/nstep.png> <./pictures/nstep_td.png>] <./pictures/nstep_sarsa.png, id=71, 879.285pt x 720.6925pt>
File: ./pictures/nstep_sarsa.png Graphic file (type png)
 <use ./pictures/nstep_sarsa.png>
Package pdftex.def Info: ./pictures/nstep_sarsa.png used on input line 784.
(pdftex.def)             Requested size: 351.70778pt x 288.2719pt.
 [13 <./pictures/nstep_sarsa.png>] <./pictures/offpolicy_nstep_td_diagram.png, id=76, 637.38126pt x 93.34875pt>
File: ./pictures/offpolicy_nstep_td_diagram.png Graphic file (type png)
 <use ./pictures/offpolicy_nstep_td_diagram.png>
Package pdftex.def Info: ./pictures/offpolicy_nstep_td_diagram.png used on input line 805.
(pdftex.def)             Requested size: 254.94798pt x 37.33882pt.
 <./pictures/nstep_offpolicy_sarsa.png, id=77, 875.27pt x 718.685pt>
File: ./pictures/nstep_offpolicy_sarsa.png Graphic file (type png)
 <use ./pictures/nstep_offpolicy_sarsa.png>
Package pdftex.def Info: ./pictures/nstep_offpolicy_sarsa.png used on input line 848.
(pdftex.def)             Requested size: 306.34909pt x 251.54352pt.
 [14 <./pictures/offpolicy_nstep_td_diagram.png> <./pictures/nstep_offpolicy_sarsa.png>]
Underfull \hbox (badness 10000) in paragraph at lines 856--860

 []


Underfull \hbox (badness 10000) in paragraph at lines 861--865

 []


Underfull \hbox (badness 10000) in paragraph at lines 866--870

 []


Underfull \hbox (badness 10000) in paragraph at lines 874--881

 []

<./pictures/lambda_vs_n.png, id=81, 989.6975pt x 357.335pt>
File: ./pictures/lambda_vs_n.png Graphic file (type png)
 <use ./pictures/lambda_vs_n.png>
Package pdftex.def Info: ./pictures/lambda_vs_n.png used on input line 902.
(pdftex.def)             Requested size: 346.3993pt x 125.06912pt.
 [15 <./pictures/lambda_vs_n.png>]
Underfull \hbox (badness 10000) in paragraph at lines 911--916

 []

<./pictures/elgibility_trace.png, id=85, 949.5475pt x 452.69125pt>
File: ./pictures/elgibility_trace.png Graphic file (type png)
 <use ./pictures/elgibility_trace.png>
Package pdftex.def Info: ./pictures/elgibility_trace.png used on input line 960.
(pdftex.def)             Requested size: 379.81227pt x 181.07329pt.
 <./pictures/eligibility_trace_online.png, id=86, 737.75626pt x 303.1325pt>
File: ./pictures/eligibility_trace_online.png Graphic file (type png)
 <use ./pictures/eligibility_trace_online.png>
Package pdftex.def Info: ./pictures/eligibility_trace_online.png used on input line 966.
(pdftex.def)             Requested size: 368.87723pt x 151.56587pt.
 [16 <./pictures/elgibility_trace.png> <./pictures/eligibility_trace_online.png>] <./pictures/results.png, id=90, 625.33624pt x 625.33624pt>
File: ./pictures/results.png Graphic file (type png)
 <use ./pictures/results.png>
Package pdftex.def Info: ./pictures/results.png used on input line 977.
(pdftex.def)             Requested size: 281.39871pt x 281.39871pt.
 <./pictures/sarsa_lambda.png, id=91, 888.31876pt x 306.14375pt>
File: ./pictures/sarsa_lambda.png Graphic file (type png)
 <use ./pictures/sarsa_lambda.png>
Package pdftex.def Info: ./pictures/sarsa_lambda.png used on input line 1005.
(pdftex.def)             Requested size: 444.1583pt x 153.07149pt.
 [17 <./pictures/results.png> <./pictures/sarsa_lambda.png>]
Underfull \hbox (badness 10000) in paragraph at lines 1014--1022

 []

<./pictures/q_lambda.png, id=95, 594.22pt x 365.365pt>
File: ./pictures/q_lambda.png Graphic file (type png)
 <use ./pictures/q_lambda.png>
Package pdftex.def Info: ./pictures/q_lambda.png used on input line 1045.
(pdftex.def)             Requested size: 297.10927pt x 182.68205pt.
 <./pictures/q_lambda_diagram.png, id=96, 834.11626pt x 378.41376pt>
File: ./pictures/q_lambda_diagram.png Graphic file (type png)
 <use ./pictures/q_lambda_diagram.png>
Package pdftex.def Info: ./pictures/q_lambda_diagram.png used on input line 1051.
(pdftex.def)             Requested size: 417.05711pt x 189.2064pt.
 [18 <./pictures/q_lambda.png> <./pictures/q_lambda_diagram.png>] (/home/aaron/Documents/Hub/Learning/RL/theoretical/Equations/equations.aux) ) 
Here is how much of TeX's memory you used:
 2786 strings out of 493029
 40770 string characters out of 6136233
 110284 words of memory out of 5000000
 6260 multiletter control sequences out of 15000+600000
 12789 words of font info for 50 fonts, out of 8000000 for 9000
 1141 hyphenation exceptions out of 8191
 37i,14n,32p,356b,225s stack positions out of 5000i,500n,10000p,200000b,80000s
</usr/share/texlive/texmf-dist/fonts/type1/public/amsfonts/cm/cmbx10.pfb></usr/share/texlive/texmf-dist/fonts/type1/public/amsfonts/cm/cmbx12.pfb></usr/share/texlive/texmf-dist/fonts/type1/public/amsfonts/cm/cmex10.pfb></usr/share/texlive/texmf-dist/fonts/type1/public/amsfonts/cm/cmmi10.pfb></usr/share/texlive/texmf-dist/fonts/type1/public/amsfonts/cm/cmmi12.pfb></usr/share/texlive/texmf-dist/fonts/type1/public/amsfonts/cm/cmmi5.pfb></usr/share/texlive/texmf-dist/fonts/type1/public/amsfonts/cm/cmmi7.pfb></usr/share/texlive/texmf-dist/fonts/type1/public/amsfonts/cm/cmr10.pfb></usr/share/texlive/texmf-dist/fonts/type1/public/amsfonts/cm/cmr12.pfb></usr/share/texlive/texmf-dist/fonts/type1/public/amsfonts/cm/cmr17.pfb></usr/share/texlive/texmf-dist/fonts/type1/public/amsfonts/cm/cmr7.pfb></usr/share/texlive/texmf-dist/fonts/type1/public/amsfonts/cm/cmsy10.pfb></usr/share/texlive/texmf-dist/fonts/type1/public/amsfonts/cm/cmsy5.pfb></usr/share/texlive/texmf-dist/fonts/type1/public/amsfonts/cm/cmsy7.pfb></usr/share/texlive/texmf-dist/fonts/type1/public/amsfonts/cm/cmti10.pfb></usr/share/texlive/texmf-dist/fonts/type1/public/amsfonts/symbols/msbm10.pfb>
Output written on /home/aaron/Documents/Hub/Learning/RL/theoretical/Equations/equations.pdf (18 pages, 2172419 bytes).
PDF statistics:
 151 PDF objects out of 1000 (max. 8388607)
 89 compressed objects within 1 object stream
 0 named destinations out of 1000 (max. 500000)
 126 words of extra memory for PDF output out of 10000 (max. 10000000)

